Performing C SOURCE FILE Test CMAKE_HAVE_LIBC_PTHREAD failed with the following output:
Change Dir: /home/panda/workspace/JThread-1.3.3/build/CMakeFiles/CMakeTmp

Run Build Command(s):/usr/bin/make cmTC_34fab/fast && /usr/bin/make  -f CMakeFiles/cmTC_34fab.dir/build.make CMakeFiles/cmTC_34fab.dir/build
make[1]: Entering directory '/home/panda/workspace/JThread-1.3.3/build/CMakeFiles/CMakeTmp'
Building C object CMakeFiles/cmTC_34fab.dir/src.c.o
/usr/bin/cc   -DCMAKE_HAVE_LIBC_PTHREAD   -o CMakeFiles/cmTC_34fab.dir/src.c.o   -c /home/panda/workspace/JThread-1.3.3/build/CMakeFiles/CMakeTmp/src.c
Linking C executable cmTC_34fab
/usr/bin/cmake -E cmake_link_script CMakeFiles/cmTC_34fab.dir/link.txt --verbose=1
/usr/bin/cc  -DCMAKE_HAVE_LIBC_PTHREAD    -rdynamic CMakeFiles/cmTC_34fab.dir/src.c.o  -o cmTC_34fab 
/usr/bin/ld: CMakeFiles/cmTC_34fab.dir/src.c.o: in function `main':
src.c:(.text+0x3e): undefined reference to `pthread_create'
/usr/bin/ld: src.c:(.text+0x4a): undefined reference to `pthread_detach'
/usr/bin/ld: src.c:(.text+0x56): undefined reference to `pthread_cancel'
/usr/bin/ld: src.c:(.text+0x67): undefined reference to `pthread_join'
collect2: error: ld returned 1 exit status
make[1]: *** [CMakeFiles/cmTC_34fab.dir/build.make:107: cmTC_34fab] Error 1
make[1]: Leaving directory '/home/panda/workspace/JThread-1.3.3/build/CMakeFiles/CMakeTmp'
make: *** [Makefile:141: cmTC_34fab/fast] Error 2


Source file was:
#include <pthread.h>

void* test_func(void* data)
{
  return data;
}

int main(void)
{
  pthread_t thread;
  pthread_create(&thread, NULL, test_func, NULL);
  pthread_detach(thread);
  pthread_cancel(thread);
  pthread_join(thread, NULL);
  pthread_atfork(NULL, NULL, NULL);
  pthread_exit(NULL);

  return 0;
}

Determining if the function pthread_create exists in the pthreads failed with the following output:
Change Dir: /home/panda/workspace/JThread-1.3.3/build/CMakeFiles/CMakeTmp

Run Build Command(s):/usr/bin/make cmTC_bb022/fast && /usr/bin/make  -f CMakeFiles/cmTC_bb022.dir/build.make CMakeFiles/cmTC_bb022.dir/build
make[1]: Entering directory '/home/panda/workspace/JThread-1.3.3/build/CMakeFiles/CMakeTmp'
Building C object CMakeFiles/cmTC_bb022.dir/CheckFunctionExists.c.o
/usr/bin/cc   -DCHECK_FUNCTION_EXISTS=pthread_create   -o CMakeFiles/cmTC_bb022.dir/CheckFunctionExists.c.o   -c /usr/share/cmake-3.17/Modules/CheckFunctionExists.c
Linking C executable cmTC_bb022
/usr/bin/cmake -E cmake_link_script CMakeFiles/cmTC_bb022.dir/link.txt --verbose=1
/usr/bin/cc  -DCHECK_FUNCTION_EXISTS=pthread_create    -rdynamic CMakeFiles/cmTC_bb022.dir/CheckFunctionExists.c.o  -o cmTC_bb022  -lpthreads 
/usr/bin/ld: cannot find -lpthreads
collect2: error: ld returned 1 exit status
make[1]: *** [CMakeFiles/cmTC_bb022.dir/build.make:107: cmTC_bb022] Error 1
make[1]: Leaving directory '/home/panda/workspace/JThread-1.3.3/build/CMakeFiles/CMakeTmp'
make: *** [Makefile:141: cmTC_bb022/fast] Error 2



